<?xml version="1.0" encoding="UTF-8"?>
<testsuite xmlns:xsi="http://www.w3.org/2001/XMLSchema-instance" xsi:noNamespaceSchemaLocation="https://maven.apache.org/surefire/maven-surefire-plugin/xsd/surefire-test-report.xsd" version="3.0.2" name="com.qtm.tenants.medic.controller.MedicControllerIntegrationTest" time="0.072" tests="2" errors="0" skipped="0" failures="2">
  <properties>
[...]
</properties>
  <testcase name="shouldExposeMedicFieldPermissionsEndpoint" classname="com.qtm.tenants.medic.controller.MedicControllerIntegrationTest" time="0.013">
    <failure message="Status expected:&lt;200&gt; but was:&lt;403&gt;" type="java.lang.AssertionError"><![CDATA[java.lang.AssertionError: Status expected:<200> but was:<403>
	at org.springframework.test.util.AssertionErrors.fail(AssertionErrors.java:61)
	at org.springframework.test.util.AssertionErrors.assertEquals(AssertionErrors.java:128)
	at org.springframework.test.web.servlet.result.StatusResultMatchers.lambda$matcher$9(StatusResultMatchers.java:640)
	at org.springframework.test.web.servlet.MockMvc$1.andExpect(MockMvc.java:214)
	at com.qtm.tenants.medic.controller.MedicControllerIntegrationTest.shouldExposeMedicFieldPermissionsEndpoint(MedicControllerIntegrationTest.java:67)
	at java.base/java.lang.reflect.Method.invoke(Method.java:580)
	at java.base/java.util.ArrayList.forEach(ArrayList.java:1596)
	at java.base/java.util.ArrayList.forEach(ArrayList.java:1596)
]]></failure>
    <system-out><![CDATA[2026-03-07T18:05:09.409+01:00  INFO 42216 --- [           main] t.c.s.AnnotationConfigContextLoaderUtils : Could not detect default configuration classes for test class [com.qtm.tenants.medic.controller.MedicControllerIntegrationTest]: MedicControllerIntegrationTest does not declare any static, non-private, non-final, nested classes annotated with @Configuration.
2026-03-07T18:05:09.434+01:00  INFO 42216 --- [           main] .b.t.c.SpringBootTestContextBootstrapper : Found @SpringBootConfiguration com.qtm.tenants.TenantsAppApplication for test class com.qtm.tenants.medic.controller.MedicControllerIntegrationTest

MockHttpServletRequest:
      HTTP Method = GET
      Request URI = /api/tenants/medics/permissions
       Parameters = {}
          Headers = []
             Body = <no character encoding set>
    Session Attrs = {}

Handler:
             Type = com.qtm.tenants.medic.controller.MedicController
           Method = com.qtm.tenants.medic.controller.MedicController#getFieldPermissions(String)

Async:
    Async started = false
     Async result = null

Resolved Exception:
             Type = org.springframework.web.server.ResponseStatusException

ModelAndView:
        View name = null
             View = null
            Model = null

FlashMap:
       Attributes = null

MockHttpServletResponse:
           Status = 403
    Error message = Ruolo selezionato mancante
          Headers = []
     Content type = null
             Body = 
    Forwarded URL = null
   Redirected URL = null
          Cookies = []
]]></system-out>
  </testcase>
  <testcase name="shouldCreateAndLoadMedicViaRestApi" classname="com.qtm.tenants.medic.controller.MedicControllerIntegrationTest" time="0.023">
    <failure message="Status expected:&lt;200&gt; but was:&lt;403&gt;" type="java.lang.AssertionError"><![CDATA[java.lang.AssertionError: Status expected:<200> but was:<403>
	at org.springframework.test.util.AssertionErrors.fail(AssertionErrors.java:61)
	at org.springframework.test.util.AssertionErrors.assertEquals(AssertionErrors.java:128)
	at org.springframework.test.web.servlet.result.StatusResultMatchers.lambda$matcher$9(StatusResultMatchers.java:640)
	at org.springframework.test.web.servlet.MockMvc$1.andExpect(MockMvc.java:214)
	at com.qtm.tenants.medic.controller.MedicControllerIntegrationTest.shouldCreateAndLoadMedicViaRestApi(MedicControllerIntegrationTest.java:49)
	at java.base/java.lang.reflect.Method.invoke(Method.java:580)
	at java.base/java.util.ArrayList.forEach(ArrayList.java:1596)
	at java.base/java.util.ArrayList.forEach(ArrayList.java:1596)
]]></failure>
    <system-out><![CDATA[
MockHttpServletRequest:
      HTTP Method = POST
      Request URI = /api/tenants/medics
       Parameters = {}
          Headers = [Content-Type:"application/json", Content-Length:"406"]
             Body = <no character encoding set>
    Session Attrs = {}

Handler:
             Type = com.qtm.tenants.medic.controller.MedicController
           Method = com.qtm.tenants.medic.controller.MedicController#create(MedicDto, String)

Async:
    Async started = false
     Async result = null

Resolved Exception:
             Type = org.springframework.web.server.ResponseStatusException

ModelAndView:
        View name = null
             View = null
            Model = null

FlashMap:
       Attributes = null

MockHttpServletResponse:
           Status = 403
    Error message = Ruolo selezionato mancante
          Headers = []
     Content type = null
             Body = 
    Forwarded URL = null
   Redirected URL = null
          Cookies = []
]]></system-out>
  </testcase>
</testsuite>